2024-10-14T20:15:28 | touched: package.json
2025-11-12T12:43:55 | touched: hardhat.config.js
2024-09-13T15:23:36 | touched: LICENSE
2024-06-27T16:38:57 | touched: hardhat.config.js
2026-01-02T11:44:35 | touched: scripts/deploy.js
2024-05-25T18:08:03 | touched: hardhat.config.js
2026-01-18T06:58:19 | touched: test/Sifchainhub.test.js
2026-01-21T04:58:48 | touched: package.json
2026-01-23T20:45:51 | touched: LICENSE
2025-12-10T13:50:06 | touched: README.md
2024-04-19T09:31:26 | touched: hardhat.config.js
2024-11-11T05:31:22 | touched: .env.example
2024-05-20T03:09:50 | touched: .env.example
2025-02-03T03:17:30 | touched: .env.example
2025-07-09T16:21:39 | touched: hardhat.config.js
2026-01-24T20:05:25 | touched: contracts/Sifchainhub.sol
2025-11-07T11:44:39 | touched: package.json
2026-01-14T23:20:25 | touched: test/Sifchainhub.test.js
2026-01-09T09:25:25 | touched: test/Sifchainhub.test.js
2025-08-27T21:05:39 | touched: LICENSE
2025-04-18T10:05:28 | touched: scripts/deploy.js
2025-07-24T11:43:55 | touched: LICENSE
2025-07-09T10:26:46 | touched: README.md
2025-04-15T02:25:33 | touched: scripts/deploy.js
2025-10-10T20:56:02 | touched: package.json
2025-02-12T02:41:07 | touched: hardhat.config.js
2025-09-21T09:26:46 | touched: contracts/Sifchainhub.sol
2025-05-14T08:56:33 | touched: package.json
2025-04-14T07:03:45 | touched: package.json
2025-01-22T11:59:48 | touched: LICENSE
2025-02-04T12:15:07 | touched: contracts/Sifchainhub.sol
2025-03-14T12:12:56 | touched: test/Sifchainhub.test.js
2025-02-13T09:31:22 | touched: .env.example
2025-11-15T23:42:20 | touched: package.json
2025-01-04T18:14:27 | touched: LICENSE
2025-07-20T13:47:55 | touched: scripts/deploy.js
2025-11-13T21:05:37 | touched: package.json
2025-06-11T19:57:15 | touched: LICENSE
2025-08-15T13:06:43 | touched: .env.example
2025-12-18T05:00:49 | touched: scripts/deploy.js
2025-07-19T17:40:31 | touched: test/Sifchainhub.test.js
2025-08-30T18:30:34 | touched: hardhat.config.js
2025-08-03T04:47:06 | touched: hardhat.config.js
2025-12-01T16:16:10 | touched: scripts/deploy.js
2025-09-07 12:58:00 | WARN | repo=SifchainHub | action=pull
2025-11-21 19:20:00 | WARN | repo=SifchainHub | action=commit
2025-02-13 07:55:00 | DEBUG | repo=SifchainHub | action=commit
2025-02-26 16:08:00 | DEBUG | repo=SifchainHub | action=commit
